#
# There is insufficient memory for the Java Runtime Environment to continue.
# Native memory allocation (malloc) failed to allocate 780016 bytes for Chunk::new
# Possible reasons:
#   The system is out of physical RAM or swap space
#   The process is running with CompressedOops enabled, and the Java Heap may be blocking the growth of the native heap
# Possible solutions:
#   Reduce memory load on the system
#   Increase physical memory or swap space
#   Check if swap backing store is full
#   Decrease Java heap size (-Xmx/-Xms)
#   Decrease number of Java threads
#   Decrease Java thread stack sizes (-Xss)
#   Set larger code cache with -XX:ReservedCodeCacheSize=
#   JVM is running with Unscaled Compressed Oops mode in which the Java heap is
#     placed in the first 4GB address space. The Java Heap base address is the
#     maximum limit for the native heap growth. Please use -XX:HeapBaseMinAddress
#     to set the Java Heap base and to place the Java Heap above 4GB virtual address.
# This output file may be truncated or incomplete.
#
#  Out of Memory Error (allocation.cpp:389), pid=1528, tid=0x000000000000148c
#
# JRE version: OpenJDK Runtime Environment (8.0_212-b04) (build 1.8.0_212-release-1586-b04)
# Java VM: OpenJDK 64-Bit Server VM (25.212-b04 mixed mode windows-amd64 compressed oops)
# Failed to write core dump. Minidumps are not enabled by default on client versions of Windows
#

---------------  T H R E A D  ---------------

Current thread (0x0000000015f18000):  JavaThread "C2 CompilerThread0" daemon [_thread_in_native, id=5260, stack(0x0000000017550000,0x0000000017650000)]

Stack: [0x0000000017550000,0x0000000017650000]
[error occurred during error reporting (printing stack bounds), id 0xc0000005]

Native frames: (J=compiled Java code, j=interpreted, Vv=VM code, C=native code)


Current CompileTask:
C2:  22787 1464       4       java.net.URLClassLoader$1::run (5 bytes)


---------------  P R O C E S S  ---------------

Java Threads: ( => current thread )
  0x0000000017ad7000 JavaThread "Cache worker for journal cache (C:\Users\likig_000\.gradle\caches\journal-1)" [_thread_blocked, id=1796, stack(0x000000001bbc0000,0x000000001bcc0000)]
  0x0000000017ad8800 JavaThread "File lock request listener" [_thread_in_native, id=672, stack(0x000000001bac0000,0x000000001bbc0000)]
  0x0000000017ada000 JavaThread "Cache worker for file hash cache (C:\Users\likig_000\.gradle\caches\5.6.4\fileHashes)" [_thread_blocked, id=4056, stack(0x000000001b9c0000,0x000000001bac0000)]
  0x000000001840d000 JavaThread "Thread-9" [_thread_blocked, id=5872, stack(0x000000001b6c0000,0x000000001b7c0000)]
  0x0000000017bdc800 JavaThread "Stdin handler" [_thread_blocked, id=4772, stack(0x000000001b5c0000,0x000000001b6c0000)]
  0x0000000017bdc000 JavaThread "Asynchronous log dispatcher for DefaultDaemonConnection: socket connection from /127.0.0.1:61198 to /127.0.0.1:61199" [_thread_blocked, id=6964, stack(0x000000001b4c0000,0x000000001b5c0000)]
  0x00000000183ee800 JavaThread "Daemon worker" [_thread_in_native, id=5764, stack(0x000000001b3c0000,0x000000001b4c0000)]
  0x00000000183ed800 JavaThread "Cancel handler" [_thread_blocked, id=6756, stack(0x000000001b2c0000,0x000000001b3c0000)]
  0x0000000018fc8800 JavaThread "Handler for socket connection from /127.0.0.1:61198 to /127.0.0.1:61199" [_thread_in_native, id=2572, stack(0x000000001afc0000,0x000000001b0c0000)]
  0x0000000018fc5800 JavaThread "Daemon" [_thread_blocked, id=4448, stack(0x000000001aec0000,0x000000001afc0000)]
  0x00000000182be800 JavaThread "Daemon periodic checks" [_thread_blocked, id=2876, stack(0x000000001adc0000,0x000000001aec0000)]
  0x0000000018fb8800 JavaThread "Incoming local TCP Connector on port 61198" [_thread_in_native, id=2440, stack(0x000000001abd0000,0x000000001acd0000)]
  0x0000000018fa4800 JavaThread "Daemon health stats" [_thread_blocked, id=6824, stack(0x000000001a5f0000,0x000000001a6f0000)]
  0x0000000017880800 JavaThread "Service Thread" daemon [_thread_blocked, id=6248, stack(0x0000000017c50000,0x0000000017d50000)]
  0x0000000015f4a800 JavaThread "C1 CompilerThread2" daemon [_thread_blocked, id=1416, stack(0x0000000017750000,0x0000000017850000)]
  0x0000000015f31800 JavaThread "C2 CompilerThread1" daemon [_thread_blocked, id=5368, stack(0x0000000017650000,0x0000000017750000)]
=>0x0000000015f18000 JavaThread "C2 CompilerThread0" daemon [_thread_in_native, id=5260, stack(0x0000000017550000,0x0000000017650000)]
  0x0000000015f26000 JavaThread "Attach Listener" daemon [_thread_blocked, id=2932, stack(0x0000000017450000,0x0000000017550000)]
  0x0000000015f24800 JavaThread "Signal Dispatcher" daemon [_thread_blocked, id=4660, stack(0x0000000017350000,0x0000000017450000)]
  0x00000000025ab000 JavaThread "Finalizer" daemon [_thread_blocked, id=5928, stack(0x0000000017170000,0x0000000017270000)]
  0x0000000015f09000 JavaThread "Reference Handler" daemon [_thread_blocked, id=6844, stack(0x0000000017070000,0x0000000017170000)]
  0x00000000023ad800 JavaThread "main" [_thread_blocked, id=5248, stack(0x00000000023b0000,0x00000000024b0000)]

Other Threads:
  0x0000000015ee6000 VMThread [stack: 0x0000000016f70000,0x0000000017070000] [id=4704]
  0x0000000015f7c800 WatcherThread [stack: 0x0000000017d50000,0x0000000017e50000] [id=1696]

VM state:not at safepoint (normal execution)

VM Mutex/Monitor currently owned by a thread: None

heap address: 0x00000000a0000000, size: 1536 MB, Compressed Oops mode: 32-bit
Narrow klass base: 0x0000000000000000, Narrow klass shift: 3
Compressed class space size: 1073741824 Address: 0x0000000100000000

Heap:
 PSYoungGen      total 35328K, used 26720K [0x00000000e0000000, 0x00000000e4c00000, 0x0000000100000000)
  eden space 32768K, 73% used [0x00000000e0000000,0x00000000e17a0038,0x00000000e2000000)
  from space 2560K, 98% used [0x00000000e2000000,0x00000000e2278020,0x00000000e2280000)
  to   space 6144K, 0% used [0x00000000e4600000,0x00000000e4600000,0x00000000e4c00000)
 ParOldGen       total 44032K, used 4799K [0x00000000a0000000, 0x00000000a2b00000, 0x00000000e0000000)
  object space 44032K, 10% used [0x00000000a0000000,0x00000000a04affd8,0x00000000a2b00000)
 Metaspace       used 14251K, capacity 14640K, committed 14976K, reserved 1062912K
  class space    used 1963K, capacity 2094K, committed 2176K, reserved 1048576K

Card table byte_map: [0x0000000011970000,0x0000000011c80000] byte_map_base: 0x0000000011470000

Marking Bits: (ParMarkBitMap*) 0x0000000051839f30
 Begin Bits: [0x0000000012280000, 0x0000000013a80000)
 End Bits:   [0x0000000013a80000, 0x0000000015280000)

Polling page: 0x0000000000a30000

CodeCache: size=245760Kb used=5066Kb max_used=5078Kb free=240693Kb
 bounds [0x00000000025b0000, 0x0000000002ab0000, 0x00000000115b0000]
 total_blobs=1809 nmethods=1426 adapters=296
 compilation: enabled

Compilation events (10 events):
Event: 22.719 Thread 0x0000000015f31800 1463       4       java.util.jar.JarFile::maybeInstantiateVerifier (96 bytes)
Event: 22.719 Thread 0x0000000015f4a800 nmethod 1459 0x0000000002a9a450 code [0x0000000002a9acc0, 0x0000000002aa0878]
Event: 22.719 Thread 0x0000000015f4a800 1460       3       com.google.common.collect.AbstractIndexedListIterator::hasNext (17 bytes)
Event: 22.719 Thread 0x0000000015f4a800 nmethod 1460 0x0000000002a97bd0 code [0x0000000002a97d20, 0x0000000002a97ed0]
Event: 22.719 Thread 0x0000000015f4a800 1462       3       java.util.ComparableTimSort::sort (219 bytes)
Event: 22.720 Thread 0x0000000015f4a800 nmethod 1462 0x0000000002aa43d0 code [0x0000000002aa45c0, 0x0000000002aa4c58]
Event: 22.720 Thread 0x0000000015f4a800 1461       3       com.google.common.base.Preconditions::checkElementIndex (8 bytes)
Event: 22.720 Thread 0x0000000015f4a800 nmethod 1461 0x0000000002a97550 code [0x0000000002a976e0, 0x0000000002a979d8]
Event: 22.720 Thread 0x0000000015f18000 1464       4       java.net.URLClassLoader$1::run (5 bytes)
Event: 22.727 Thread 0x0000000015f31800 nmethod 1463 0x0000000002aa8190 code [0x0000000002aa8320, 0x0000000002aa8778]

GC Heap History (10 events):
Event: 3.941 GC heap before
{Heap before GC invocations=1 (full 0):
 PSYoungGen      total 18944K, used 16384K [0x00000000e0000000, 0x00000000e1500000, 0x0000000100000000)
  eden space 16384K, 100% used [0x00000000e0000000,0x00000000e1000000,0x00000000e1000000)
  from space 2560K, 0% used [0x00000000e1280000,0x00000000e1280000,0x00000000e1500000)
  to   space 2560K, 0% used [0x00000000e1000000,0x00000000e1000000,0x00000000e1280000)
 ParOldGen       total 44032K, used 0K [0x00000000a0000000, 0x00000000a2b00000, 0x00000000e0000000)
  object space 44032K, 0% used [0x00000000a0000000,0x00000000a0000000,0x00000000a2b00000)
 Metaspace       used 5743K, capacity 5920K, committed 6144K, reserved 1056768K
  class space    used 685K, capacity 748K, committed 768K, reserved 1048576K
Event: 3.953 GC heap after
Heap after GC invocations=1 (full 0):
 PSYoungGen      total 18944K, used 2497K [0x00000000e0000000, 0x00000000e1500000, 0x0000000100000000)
  eden space 16384K, 0% used [0x00000000e0000000,0x00000000e0000000,0x00000000e1000000)
  from space 2560K, 97% used [0x00000000e1000000,0x00000000e1270620,0x00000000e1280000)
  to   space 2560K, 0% used [0x00000000e1280000,0x00000000e1280000,0x00000000e1500000)
 ParOldGen       total 44032K, used 8K [0x00000000a0000000, 0x00000000a2b00000, 0x00000000e0000000)
  object space 44032K, 0% used [0x00000000a0000000,0x00000000a0002000,0x00000000a2b00000)
 Metaspace       used 5743K, capacity 5920K, committed 6144K, reserved 1056768K
  class space    used 685K, capacity 748K, committed 768K, reserved 1048576K
}
Event: 6.079 GC heap before
{Heap before GC invocations=2 (full 0):
 PSYoungGen      total 18944K, used 18881K [0x00000000e0000000, 0x00000000e1500000, 0x0000000100000000)
  eden space 16384K, 100% used [0x00000000e0000000,0x00000000e1000000,0x00000000e1000000)
  from space 2560K, 97% used [0x00000000e1000000,0x00000000e1270620,0x00000000e1280000)
  to   space 2560K, 0% used [0x00000000e1280000,0x00000000e1280000,0x00000000e1500000)
 ParOldGen       total 44032K, used 8K [0x00000000a0000000, 0x00000000a2b00000, 0x00000000e0000000)
  object space 44032K, 0% used [0x00000000a0000000,0x00000000a0002000,0x00000000a2b00000)
 Metaspace       used 6716K, capacity 6944K, committed 7040K, reserved 1056768K
  class space    used 817K, capacity 876K, committed 896K, reserved 1048576K
Event: 6.307 GC heap after
Heap after GC invocations=2 (full 0):
 PSYoungGen      total 18944K, used 2549K [0x00000000e0000000, 0x00000000e2500000, 0x0000000100000000)
  eden space 16384K, 0% used [0x00000000e0000000,0x00000000e0000000,0x00000000e1000000)
  from space 2560K, 99% used [0x00000000e1280000,0x00000000e14fd6c8,0x00000000e1500000)
  to   space 2560K, 0% used [0x00000000e1000000,0x00000000e1000000,0x00000000e1280000)
 ParOldGen       total 44032K, used 473K [0x00000000a0000000, 0x00000000a2b00000, 0x00000000e0000000)
  object space 44032K, 1% used [0x00000000a0000000,0x00000000a0076440,0x00000000a2b00000)
 Metaspace       used 6716K, capacity 6944K, committed 7040K, reserved 1056768K
  class space    used 817K, capacity 876K, committed 896K, reserved 1048576K
}
Event: 6.477 GC heap before
{Heap before GC invocations=3 (full 0):
 PSYoungGen      total 18944K, used 18933K [0x00000000e0000000, 0x00000000e2500000, 0x0000000100000000)
  eden space 16384K, 100% used [0x00000000e0000000,0x00000000e1000000,0x00000000e1000000)
  from space 2560K, 99% used [0x00000000e1280000,0x00000000e14fd6c8,0x00000000e1500000)
  to   space 2560K, 0% used [0x00000000e1000000,0x00000000e1000000,0x00000000e1280000)
 ParOldGen       total 44032K, used 473K [0x00000000a0000000, 0x00000000a2b00000, 0x00000000e0000000)
  object space 44032K, 1% used [0x00000000a0000000,0x00000000a0076440,0x00000000a2b00000)
 Metaspace       used 6799K, capacity 7008K, committed 7040K, reserved 1056768K
  class space    used 825K, capacity 876K, committed 896K, reserved 1048576K
Event: 6.479 GC heap after
Heap after GC invocations=3 (full 0):
 PSYoungGen      total 18944K, used 2104K [0x00000000e0000000, 0x00000000e2500000, 0x0000000100000000)
  eden space 16384K, 0% used [0x00000000e0000000,0x00000000e0000000,0x00000000e1000000)
  from space 2560K, 82% used [0x00000000e1000000,0x00000000e120e370,0x00000000e1280000)
  to   space 2560K, 0% used [0x00000000e2280000,0x00000000e2280000,0x00000000e2500000)
 ParOldGen       total 44032K, used 481K [0x00000000a0000000, 0x00000000a2b00000, 0x00000000e0000000)
  object space 44032K, 1% used [0x00000000a0000000,0x00000000a0078440,0x00000000a2b00000)
 Metaspace       used 6799K, capacity 7008K, committed 7040K, reserved 1056768K
  class space    used 825K, capacity 876K, committed 896K, reserved 1048576K
}
Event: 7.216 GC heap before
{Heap before GC invocations=4 (full 0):
 PSYoungGen      total 18944K, used 18488K [0x00000000e0000000, 0x00000000e2500000, 0x0000000100000000)
  eden space 16384K, 100% used [0x00000000e0000000,0x00000000e1000000,0x00000000e1000000)
  from space 2560K, 82% used [0x00000000e1000000,0x00000000e120e370,0x00000000e1280000)
  to   space 2560K, 0% used [0x00000000e2280000,0x00000000e2280000,0x00000000e2500000)
 ParOldGen       total 44032K, used 481K [0x00000000a0000000, 0x00000000a2b00000, 0x00000000e0000000)
  object space 44032K, 1% used [0x00000000a0000000,0x00000000a0078440,0x00000000a2b00000)
 Metaspace       used 7028K, capacity 7194K, committed 7424K, reserved 1056768K
  class space    used 865K, capacity 917K, committed 1024K, reserved 1048576K
Event: 7.220 GC heap after
Heap after GC invocations=4 (full 0):
 PSYoungGen      total 35328K, used 2528K [0x00000000e0000000, 0x00000000e2500000, 0x0000000100000000)
  eden space 32768K, 0% used [0x00000000e0000000,0x00000000e0000000,0x00000000e2000000)
  from space 2560K, 98% used [0x00000000e2280000,0x00000000e24f8020,0x00000000e2500000)
  to   space 2560K, 0% used [0x00000000e2000000,0x00000000e2000000,0x00000000e2280000)
 ParOldGen       total 44032K, used 1098K [0x00000000a0000000, 0x00000000a2b00000, 0x00000000e0000000)
  object space 44032K, 2% used [0x00000000a0000000,0x00000000a0112a78,0x00000000a2b00000)
 Metaspace       used 7028K, capacity 7194K, committed 7424K, reserved 1056768K
  class space    used 865K, capacity 917K, committed 1024K, reserved 1048576K
}
Event: 11.816 GC heap before
{Heap before GC invocations=5 (full 0):
 PSYoungGen      total 35328K, used 35296K [0x00000000e0000000, 0x00000000e2500000, 0x0000000100000000)
  eden space 32768K, 100% used [0x00000000e0000000,0x00000000e2000000,0x00000000e2000000)
  from space 2560K, 98% used [0x00000000e2280000,0x00000000e24f8020,0x00000000e2500000)
  to   space 2560K, 0% used [0x00000000e2000000,0x00000000e2000000,0x00000000e2280000)
 ParOldGen       total 44032K, used 1098K [0x00000000a0000000, 0x00000000a2b00000, 0x00000000e0000000)
  object space 44032K, 2% used [0x00000000a0000000,0x00000000a0112a78,0x00000000a2b00000)
 Metaspace       used 12278K, capacity 12746K, committed 12928K, reserved 1060864K
  class space    used 1644K, capacity 1803K, committed 1920K, reserved 1048576K
Event: 11.839 GC heap after
Heap after GC invocations=5 (full 0):
 PSYoungGen      total 35328K, used 2528K [0x00000000e0000000, 0x00000000e4c00000, 0x0000000100000000)
  eden space 32768K, 0% used [0x00000000e0000000,0x00000000e0000000,0x00000000e2000000)
  from space 2560K, 98% used [0x00000000e2000000,0x00000000e2278020,0x00000000e2280000)
  to   space 6144K, 0% used [0x00000000e4600000,0x00000000e4600000,0x00000000e4c00000)
 ParOldGen       total 44032K, used 4799K [0x00000000a0000000, 0x00000000a2b00000, 0x00000000e0000000)
  object space 44032K, 10% used [0x00000000a0000000,0x00000000a04affd8,0x00000000a2b00000)
 Metaspace       used 12278K, capacity 12746K, committed 12928K, reserved 1060864K
  class space    used 1644K, capacity 1803K, committed 1920K, reserved 1048576K
}

Deoptimization events (10 events):
Event: 10.284 Thread 0x00000000023ad800 Uncommon trap: reason=unstable_if action=reinterpret pc=0x000000000284d944 method=java.io.WinNTFileSystem.normalize(Ljava/lang/String;)Ljava/lang/String; @ 128
Event: 10.981 Thread 0x0000000018fc8800 Uncommon trap: reason=unstable_if action=reinterpret pc=0x00000000029a3db0 method=java.util.concurrent.ConcurrentHashMap.putVal(Ljava/lang/Object;Ljava/lang/Object;Z)Ljava/lang/Object; @ 206
Event: 11.116 Thread 0x00000000183ee800 Uncommon trap: reason=bimorphic action=maybe_recompile pc=0x000000000285ce70 method=java.util.HashMap.putVal(ILjava/lang/Object;Ljava/lang/Object;ZZ)Ljava/lang/Object; @ 253
Event: 11.116 Thread 0x00000000183ee800 Uncommon trap: reason=bimorphic action=maybe_recompile pc=0x000000000285ce70 method=java.util.HashMap.putVal(ILjava/lang/Object;Ljava/lang/Object;ZZ)Ljava/lang/Object; @ 253
Event: 11.116 Thread 0x00000000183ee800 Uncommon trap: reason=bimorphic action=maybe_recompile pc=0x000000000285ce70 method=java.util.HashMap.putVal(ILjava/lang/Object;Ljava/lang/Object;ZZ)Ljava/lang/Object; @ 253
Event: 11.116 Thread 0x00000000183ee800 Uncommon trap: reason=bimorphic action=maybe_recompile pc=0x00000000028548ac method=java.util.HashMap.putVal(ILjava/lang/Object;Ljava/lang/Object;ZZ)Ljava/lang/Object; @ 253
Event: 13.064 Thread 0x00000000183ee800 Uncommon trap: reason=class_check action=maybe_recompile pc=0x00000000028964d8 method=java.util.regex.Matcher.match(II)Z @ 86
Event: 13.111 Thread 0x00000000183ee800 Uncommon trap: reason=class_check action=maybe_recompile pc=0x00000000028964d8 method=java.util.regex.Matcher.match(II)Z @ 86
Event: 13.112 Thread 0x00000000183ee800 Uncommon trap: reason=class_check action=maybe_recompile pc=0x00000000028964d8 method=java.util.regex.Matcher.match(II)Z @ 86
Event: 13.112 Thread 0x00000000183ee800 Uncommon trap: reason=class_check action=maybe_recompile pc=0x000000000271945c method=java.util.regex.Matcher.match(II)Z @ 86

Classes redefined (0 events):
No events

Internal exceptions (10 events):
Event: 10.992 Thread 0x0000000018fc8800 Exception <a 'java/lang/NoSuchMethodError': <clinit>> (0x00000000e1916200) thrown at [D:\src\AOSP-openjdk-cygwin\jdk8u\hotspot\src\share\vm\prims\jni.cpp, line 1614]
Event: 10.995 Thread 0x0000000018fc8800 Exception <a 'java/lang/NoSuchMethodError': <clinit>> (0x00000000e192b9b8) thrown at [D:\src\AOSP-openjdk-cygwin\jdk8u\hotspot\src\share\vm\prims\jni.cpp, line 1614]
Event: 11.013 Thread 0x0000000018fc8800 Exception <a 'java/lang/NoSuchMethodError': <clinit>> (0x00000000e193eb78) thrown at [D:\src\AOSP-openjdk-cygwin\jdk8u\hotspot\src\share\vm\prims\jni.cpp, line 1614]
Event: 11.020 Thread 0x0000000018fc8800 Exception <a 'java/lang/NoSuchMethodError': <clinit>> (0x00000000e1965fc0) thrown at [D:\src\AOSP-openjdk-cygwin\jdk8u\hotspot\src\share\vm\prims\jni.cpp, line 1614]
Event: 11.023 Thread 0x0000000018fc8800 Exception <a 'java/lang/NoSuchMethodError': <clinit>> (0x00000000e197dfe8) thrown at [D:\src\AOSP-openjdk-cygwin\jdk8u\hotspot\src\share\vm\prims\jni.cpp, line 1614]
Event: 11.023 Thread 0x0000000018fc8800 Exception <a 'java/lang/NoSuchMethodError': <clinit>> (0x00000000e1986c78) thrown at [D:\src\AOSP-openjdk-cygwin\jdk8u\hotspot\src\share\vm\prims\jni.cpp, line 1614]
Event: 11.026 Thread 0x0000000018fc8800 Exception <a 'java/lang/NoSuchMethodError': <clinit>> (0x00000000e199d290) thrown at [D:\src\AOSP-openjdk-cygwin\jdk8u\hotspot\src\share\vm\prims\jni.cpp, line 1614]
Event: 11.036 Thread 0x0000000018fc8800 Exception <a 'java/lang/NoSuchMethodError': <clinit>> (0x00000000e1a06850) thrown at [D:\src\AOSP-openjdk-cygwin\jdk8u\hotspot\src\share\vm\prims\jni.cpp, line 1614]
Event: 11.051 Thread 0x0000000018fc8800 Exception <a 'java/lang/NoSuchMethodError': <clinit>> (0x00000000e1a33348) thrown at [D:\src\AOSP-openjdk-cygwin\jdk8u\hotspot\src\share\vm\prims\jni.cpp, line 1614]
Event: 11.055 Thread 0x0000000018fc8800 Exception <a 'java/lang/NoSuchMethodError': <clinit>> (0x00000000e1a50ca8) thrown at [D:\src\AOSP-openjdk-cygwin\jdk8u\hotspot\src\share\vm\prims\jni.cpp, line 1614]

Events (10 events):
Event: 22.770 loading class org/gradle/composite/internal/DefaultRootBuildState
Event: 22.770 loading class org/gradle/composite/internal/DefaultRootBuildState done
Event: 22.770 loading class org/gradle/internal/build/AbstractBuildState
Event: 22.770 loading class org/gradle/internal/build/AbstractBuildState done
Event: 22.771 loading class org/gradle/api/artifacts/component/ProjectComponentIdentifier
Event: 22.771 loading class org/gradle/api/artifacts/component/ProjectComponentIdentifier done
Event: 22.771 loading class org/gradle/api/artifacts/component/ComponentIdentifier
Event: 22.771 loading class org/gradle/api/artifacts/component/ComponentIdentifier done
Event: 22.771 loading class org/gradle/initialization/DefaultGradleLauncherFactory$1
Event: 22.771 loading class org/gradle/initialization/DefaultGradleLauncherFactory$1 done


Dynamic libraries:
0x00007ff762130000 - 0x00007ff762161000 	C:\Program Files\Android\Android Studio\jre\bin\java.exe
0x00007ff9124f0000 - 0x00007ff91269d000 	C:\Windows\SYSTEM32\ntdll.dll
0x00007ff90fb80000 - 0x00007ff90fcbf000 	C:\Windows\system32\KERNEL32.DLL
0x00007ff90fa60000 - 0x00007ff90fb76000 	C:\Windows\system32\KERNELBASE.dll
0x00007ff90fcc0000 - 0x00007ff90fd6a000 	C:\Windows\system32\ADVAPI32.dll
0x00007ff912120000 - 0x00007ff912297000 	C:\Windows\system32\USER32.dll
0x00007ff90c380000 - 0x00007ff90c5fb000 	C:\Windows\WinSxS\amd64_microsoft.windows.common-controls_6595b64144ccf1df_6.0.9600.19394_none_62486577ecb635cf\COMCTL32.dll
0x00007ff912070000 - 0x00007ff91211a000 	C:\Windows\system32\msvcrt.dll
0x00007ff90ff80000 - 0x00007ff90ffd9000 	C:\Windows\SYSTEM32\sechost.dll
0x00007ff911a00000 - 0x00007ff911b40000 	C:\Windows\system32\RPCRT4.dll
0x00007ff9123a0000 - 0x00007ff9124ec000 	C:\Windows\system32\GDI32.dll
0x00007ff90f930000 - 0x00007ff90f95e000 	C:\Windows\system32\SspiCli.dll
0x00007ff912360000 - 0x00007ff912396000 	C:\Windows\system32\IMM32.DLL
0x00007ff910120000 - 0x00007ff910272000 	C:\Windows\system32\MSCTF.dll
0x0000000050eb0000 - 0x0000000050f82000 	C:\Program Files\Android\Android Studio\jre\jre\bin\msvcr100.dll
0x0000000051070000 - 0x00000000518b6000 	C:\Program Files\Android\Android Studio\jre\jre\bin\server\jvm.dll
0x00007ff8fb720000 - 0x00007ff8fb729000 	C:\Windows\SYSTEM32\WSOCK32.dll
0x00007ff90bf00000 - 0x00007ff90bf22000 	C:\Windows\SYSTEM32\WINMM.dll
0x00007ff9086d0000 - 0x00007ff9086da000 	C:\Windows\SYSTEM32\VERSION.dll
0x00007ff9119f0000 - 0x00007ff9119f7000 	C:\Windows\system32\PSAPI.DLL
0x00007ff9122a0000 - 0x00007ff9122fa000 	C:\Windows\system32\WS2_32.dll
0x00007ff90be90000 - 0x00007ff90beba000 	C:\Windows\SYSTEM32\WINMMBASE.dll
0x00007ff911b40000 - 0x00007ff911b49000 	C:\Windows\system32\NSI.dll
0x00007ff90fa10000 - 0x00007ff90fa5f000 	C:\Windows\SYSTEM32\cfgmgr32.dll
0x00007ff90e440000 - 0x00007ff90e468000 	C:\Windows\SYSTEM32\DEVOBJ.dll
0x00007ff907f40000 - 0x00007ff907f4f000 	C:\Program Files\Android\Android Studio\jre\jre\bin\verify.dll
0x00007ff8f1270000 - 0x00007ff8f1299000 	C:\Program Files\Android\Android Studio\jre\jre\bin\java.dll
0x00007ff8fc850000 - 0x00007ff8fc866000 	C:\Program Files\Android\Android Studio\jre\jre\bin\zip.dll
0x00007ff910460000 - 0x00007ff91198b000 	C:\Windows\system32\SHELL32.dll
0x00007ff90fd70000 - 0x00007ff90ff80000 	C:\Windows\SYSTEM32\combase.dll
0x00007ff912300000 - 0x00007ff912354000 	C:\Windows\system32\SHLWAPI.dll
0x00007ff90dc90000 - 0x00007ff90dd42000 	C:\Windows\SYSTEM32\SHCORE.dll
0x00007ff90f620000 - 0x00007ff90f635000 	C:\Windows\SYSTEM32\profapi.dll
0x00007ff8fc3a0000 - 0x00007ff8fc3ba000 	C:\Program Files\Android\Android Studio\jre\jre\bin\net.dll
0x00007ff9095f0000 - 0x00007ff90977a000 	C:\Windows\SYSTEM32\urlmon.dll
0x00007ff911ed0000 - 0x00007ff912064000 	C:\Windows\system32\ole32.dll
0x00007ff909320000 - 0x00007ff9095ec000 	C:\Windows\SYSTEM32\iertutil.dll
0x00007ff908e70000 - 0x00007ff90931c000 	C:\Windows\SYSTEM32\WININET.dll
0x00007ff90ebe0000 - 0x00007ff90ec01000 	C:\Windows\SYSTEM32\USERENV.dll
0x00007ff90ee50000 - 0x00007ff90eea9000 	C:\Windows\system32\mswsock.dll
0x00007ff8fc0d0000 - 0x00007ff8fc0e3000 	C:\Program Files\Android\Android Studio\jre\jre\bin\nio.dll
0x00007ff904050000 - 0x00007ff904076000 	C:\Users\likig_000\.gradle\native\30\windows-amd64\native-platform.dll
0x00007ff906e50000 - 0x00007ff906e5d000 	C:\Program Files\Android\Android Studio\jre\jre\bin\management.dll
0x00007ff90eeb0000 - 0x00007ff90eed0000 	C:\Windows\SYSTEM32\CRYPTSP.dll
0x00007ff90ead0000 - 0x00007ff90eb06000 	C:\Windows\system32\rsaenh.dll
0x00007ff90f100000 - 0x00007ff90f126000 	C:\Windows\SYSTEM32\bcrypt.dll
0x00007ff90f420000 - 0x00007ff90f483000 	C:\Windows\system32\bcryptprimitives.dll
0x00007ff90f590000 - 0x00007ff90f59b000 	C:\Windows\SYSTEM32\CRYPTBASE.dll
0x00007ff90a920000 - 0x00007ff90a94a000 	C:\Windows\SYSTEM32\IPHLPAPI.DLL
0x00007ff90a9c0000 - 0x00007ff90a9ca000 	C:\Windows\SYSTEM32\WINNSI.DLL
0x00007ff90a450000 - 0x00007ff90a466000 	C:\Windows\SYSTEM32\dhcpcsvc6.DLL
0x00007ff90a430000 - 0x00007ff90a44a000 	C:\Windows\SYSTEM32\dhcpcsvc.DLL

VM Arguments:
jvm_args: -Xmx1536m -Dfile.encoding=windows-1252 -Duser.country=US -Duser.language=en -Duser.variant 
java_command: org.gradle.launcher.daemon.bootstrap.GradleDaemon 5.6.4
java_class_path (initial): C:\Users\likig_000\.gradle\wrapper\dists\gradle-5.6.4-all\ankdp27end7byghfw1q2sw75f\gradle-5.6.4\lib\gradle-launcher-5.6.4.jar
Launcher Type: SUN_STANDARD

Environment Variables:
PATH=C:\Windows\system32;C:\Windows;C:\Windows\System32\Wbem;C:\Windows\System32\WindowsPowerShell\v1.0\;C:\Program Files\dotnet\;C:\Program Files\Microsoft SQL Server\130\Tools\Binn\;C:\Program Files\Git\cmd;C:\Program Files\nodejs\;C:\Program Files\Java\jdk-12.0.2\bin;;C:\Users\likig_000\AppData\Local\Programs\Microsoft VS Code\bin;C:\Users\likig_000\AppData\Roaming\npm
USERNAME=likig_000
OS=Windows_NT
PROCESSOR_IDENTIFIER=Intel64 Family 6 Model 60 Stepping 3, GenuineIntel



---------------  S Y S T E M  ---------------

OS: Windows 8.1 , 64 bit Build 9600 (6.3.9600.19538)

CPU:total 4 (initial active 4) (2 cores per cpu, 2 threads per core) family 6 model 60 stepping 3, cmov, cx8, fxsr, mmx, sse, sse2, sse3, ssse3, sse4.1, sse4.2, popcnt, avx, avx2, aes, clmul, erms, lzcnt, ht, tsc, tscinvbit, bmi1, bmi2

Memory: 4k page, physical 4109252k(138980k free), swap 16692164k(5204k free)

vm_info: OpenJDK 64-Bit Server VM (25.212-b04) for windows-amd64 JRE (1.8.0_212-release-1586-b04), built by "builder" with MS VC++ 10.0 (VS2010)

time: Wed Apr 15 22:52:41 2020
timezone: India Standard Time
elapsed time: 22 seconds (0d 0h 0m 22s)

